Removed Pin From Net: NetName=Net1_10 Pin=R1-1
Removed Pin From Net: NetName=a Pin=R1-2
Removed Pin From Net: NetName=Net2_10 Pin=R2-1
Removed Pin From Net: NetName=a Pin=R2-2
Removed Pin From Net: NetName=f Pin=R3-1
Removed Pin From Net: NetName=Net1_2 Pin=R3-2
Removed Pin From Net: NetName=Net1_9 Pin=R4-1
Removed Pin From Net: NetName=b Pin=R4-2
Removed Pin From Net: NetName=f Pin=R5-1
Removed Pin From Net: NetName=Net2_2 Pin=R5-2
Removed Pin From Net: NetName=Net2_9 Pin=R6-1
Removed Pin From Net: NetName=b Pin=R6-2
Removed Pin From Net: NetName=g Pin=R7-1
Removed Pin From Net: NetName=Net1_3 Pin=R7-2
Removed Pin From Net: NetName=Net1_8 Pin=R8-1
Removed Pin From Net: NetName=c Pin=R8-2
Removed Pin From Net: NetName=g Pin=R9-1
Removed Pin From Net: NetName=Net2_3 Pin=R9-2
Removed Pin From Net: NetName=Net2_8 Pin=R10-1
Removed Pin From Net: NetName=c Pin=R10-2
Removed Pin From Net: NetName=e Pin=R12-1
Removed Pin From Net: NetName=Net1_4 Pin=R12-2
Removed Pin From Net: NetName=e Pin=R13-1
Removed Pin From Net: NetName=Net2_4 Pin=R13-2
Removed Pin From Net: NetName=d Pin=R14-1
Removed Pin From Net: NetName=Net1_5 Pin=R14-2
Removed Pin From Net: NetName=d Pin=R15-1
Removed Pin From Net: NetName=Net2_5 Pin=R15-2
Removed Pin From Net: NetName=Net3_10 Pin=R16-1
Removed Pin From Net: NetName=a Pin=R16-2
Removed Pin From Net: NetName=Net4_10 Pin=R18-1
Removed Pin From Net: NetName=a Pin=R18-2
Removed Pin From Net: NetName=f Pin=R19-1
Removed Pin From Net: NetName=Net3_2 Pin=R19-2
Removed Pin From Net: NetName=Net3_9 Pin=R20-1
Removed Pin From Net: NetName=b Pin=R20-2
Removed Pin From Net: NetName=f Pin=R21-1
Removed Pin From Net: NetName=Net4_2 Pin=R21-2
Removed Pin From Net: NetName=Net4_9 Pin=R22-1
Removed Pin From Net: NetName=b Pin=R22-2
Removed Pin From Net: NetName=g Pin=R23-1
Removed Pin From Net: NetName=Net3_3 Pin=R23-2
Removed Pin From Net: NetName=Net3_8 Pin=R24-1
Removed Pin From Net: NetName=c Pin=R24-2
Removed Pin From Net: NetName=g Pin=R25-1
Removed Pin From Net: NetName=Net4_3 Pin=R25-2
Removed Pin From Net: NetName=Net4_8 Pin=R26-1
Removed Pin From Net: NetName=c Pin=R26-2
Removed Pin From Net: NetName=e Pin=R27-1
Removed Pin From Net: NetName=Net3_4 Pin=R27-2
Removed Pin From Net: NetName=e Pin=R28-1
Removed Pin From Net: NetName=Net4_4 Pin=R28-2
Removed Pin From Net: NetName=d Pin=R29-1
Removed Pin From Net: NetName=Net3_5 Pin=R29-2
Removed Pin From Net: NetName=d Pin=R30-1
Removed Pin From Net: NetName=Net4_5 Pin=R30-2
Change component parameters: Designator = "C1"; Footprint = "CAP_0805"; UniqueID = "\NHYRGDJC"
Change component parameters. Clean all parameters for all variants
Change component parameters (AddParameter): Name = "LatestRevisionDate"; Value = "17-Jul-2002"; VariantName = "[No Variations]"
Change component parameters (AddParameter): Name = "LatestRevisionNote"; Value = "Re-released for DXP Platform."; VariantName = "[No Variations]"
Change component parameters (AddParameter): Name = "PackageReference"; Value = "C1206"; VariantName = "[No Variations]"
Change component parameters (AddParameter): Name = "Publisher"; Value = "Altium Limited"; VariantName = "[No Variations]"
Change component parameters (AddParameter): Name = "Value"; Value = "104"; VariantName = "[No Variations]"
Change component parameters (AddParameter ignored because duplicated): Name = "VALUE"; Value = "CN?"; VariantName = "[No Variations]"
Added Component: Designator=R1(R1/4W)
Add component. Clean all parameters for all variants
Add component (AddParameter): Name = "Value"; Value = "R1/4W - 1K"; VariantName = "[No Variations]"
Added Component: Designator=R2(R1/4W)
Add component. Clean all parameters for all variants
Add component (AddParameter): Name = "Value"; Value = "R1/4W - 1K"; VariantName = "[No Variations]"
Added Component: Designator=R3(R1/4W)
Add component. Clean all parameters for all variants
Add component (AddParameter): Name = "Value"; Value = "R1/4W - 1K"; VariantName = "[No Variations]"
Added Component: Designator=R4(R1/4W)
Add component. Clean all parameters for all variants
Add component (AddParameter): Name = "Value"; Value = "R1/4W - 1K"; VariantName = "[No Variations]"
Added Component: Designator=R5(R1/4W)
Add component. Clean all parameters for all variants
Add component (AddParameter): Name = "Value"; Value = "R1/4W - 1K"; VariantName = "[No Variations]"
Added Component: Designator=R6(R1/4W)
Add component. Clean all parameters for all variants
Add component (AddParameter): Name = "Value"; Value = "R1/4W - 1K"; VariantName = "[No Variations]"
Added Component: Designator=R7(R1/4W)
Add component. Clean all parameters for all variants
Add component (AddParameter): Name = "Value"; Value = "R1/4W - 1K"; VariantName = "[No Variations]"
Added Component: Designator=R8(R1/4W)
Add component. Clean all parameters for all variants
Add component (AddParameter): Name = "Value"; Value = "R1/4W - 1K"; VariantName = "[No Variations]"
Added Component: Designator=R9(R1/4W)
Add component. Clean all parameters for all variants
Add component (AddParameter): Name = "Value"; Value = "R1/4W - 1K"; VariantName = "[No Variations]"
Added Component: Designator=R10(R1/4W)
Add component. Clean all parameters for all variants
Add component (AddParameter): Name = "Value"; Value = "R1/4W - 1K"; VariantName = "[No Variations]"
Added Component: Designator=R12(R1/4W)
Add component. Clean all parameters for all variants
Add component (AddParameter): Name = "Value"; Value = "R1/4W - 1K"; VariantName = "[No Variations]"
Added Component: Designator=R13(R1/4W)
Add component. Clean all parameters for all variants
Add component (AddParameter): Name = "Value"; Value = "R1/4W - 1K"; VariantName = "[No Variations]"
Added Component: Designator=R14(R1/4W)
Add component. Clean all parameters for all variants
Add component (AddParameter): Name = "Value"; Value = "R1/4W - 1K"; VariantName = "[No Variations]"
Added Component: Designator=R15(R1/4W)
Add component. Clean all parameters for all variants
Add component (AddParameter): Name = "Value"; Value = "R1/4W - 1K"; VariantName = "[No Variations]"
Added Component: Designator=R16(R1/4W)
Add component. Clean all parameters for all variants
Add component (AddParameter): Name = "Value"; Value = "R1/4W - 1K"; VariantName = "[No Variations]"
Added Component: Designator=R18(R1/4W)
Add component. Clean all parameters for all variants
Add component (AddParameter): Name = "Value"; Value = "R1/4W - 1K"; VariantName = "[No Variations]"
Added Component: Designator=R19(R1/4W)
Add component. Clean all parameters for all variants
Add component (AddParameter): Name = "Value"; Value = "R1/4W - 1K"; VariantName = "[No Variations]"
Added Component: Designator=R20(R1/4W)
Add component. Clean all parameters for all variants
Add component (AddParameter): Name = "Value"; Value = "R1/4W - 1K"; VariantName = "[No Variations]"
Added Component: Designator=R21(R1/4W)
Add component. Clean all parameters for all variants
Add component (AddParameter): Name = "Value"; Value = "R1/4W - 1K"; VariantName = "[No Variations]"
Added Component: Designator=R22(R1/4W)
Add component. Clean all parameters for all variants
Add component (AddParameter): Name = "Value"; Value = "R1/4W - 1K"; VariantName = "[No Variations]"
Added Component: Designator=R23(R1/4W)
Add component. Clean all parameters for all variants
Add component (AddParameter): Name = "Value"; Value = "R1/4W - 1K"; VariantName = "[No Variations]"
Added Component: Designator=R24(R1/4W)
Add component. Clean all parameters for all variants
Add component (AddParameter): Name = "Value"; Value = "R1/4W - 1K"; VariantName = "[No Variations]"
Added Component: Designator=R25(R1/4W)
Add component. Clean all parameters for all variants
Add component (AddParameter): Name = "Value"; Value = "R1/4W - 1K"; VariantName = "[No Variations]"
Added Component: Designator=R26(R1/4W)
Add component. Clean all parameters for all variants
Add component (AddParameter): Name = "Value"; Value = "R1/4W - 1K"; VariantName = "[No Variations]"
Added Component: Designator=R27(R1/4W)
Add component. Clean all parameters for all variants
Add component (AddParameter): Name = "Value"; Value = "R1/4W - 1K"; VariantName = "[No Variations]"
Added Component: Designator=R28(R1/4W)
Add component. Clean all parameters for all variants
Add component (AddParameter): Name = "Value"; Value = "R1/4W - 1K"; VariantName = "[No Variations]"
Added Component: Designator=R29(R1/4W)
Add component. Clean all parameters for all variants
Add component (AddParameter): Name = "Value"; Value = "R1/4W - 1K"; VariantName = "[No Variations]"
Added Component: Designator=R30(R1/4W)
Add component. Clean all parameters for all variants
Add component (AddParameter): Name = "Value"; Value = "R1/4W - 1K"; VariantName = "[No Variations]"
Added Pin To Net: NetName=Net1_10 Pin=R1-1
Added Pin To Net: NetName=a Pin=R1-2
Added Pin To Net: NetName=Net2_10 Pin=R2-1
Added Pin To Net: NetName=a Pin=R2-2
Added Pin To Net: NetName=f Pin=R3-1
Added Pin To Net: NetName=Net1_2 Pin=R3-2
Added Pin To Net: NetName=Net1_9 Pin=R4-1
Added Pin To Net: NetName=b Pin=R4-2
Added Pin To Net: NetName=f Pin=R5-1
Added Pin To Net: NetName=Net2_2 Pin=R5-2
Added Pin To Net: NetName=Net2_9 Pin=R6-1
Added Pin To Net: NetName=b Pin=R6-2
Added Pin To Net: NetName=g Pin=R7-1
Added Pin To Net: NetName=Net1_3 Pin=R7-2
Added Pin To Net: NetName=Net1_8 Pin=R8-1
Added Pin To Net: NetName=c Pin=R8-2
Added Pin To Net: NetName=g Pin=R9-1
Added Pin To Net: NetName=Net2_3 Pin=R9-2
Added Pin To Net: NetName=Net2_8 Pin=R10-1
Added Pin To Net: NetName=c Pin=R10-2
Added Pin To Net: NetName=e Pin=R12-1
Added Pin To Net: NetName=Net1_4 Pin=R12-2
Added Pin To Net: NetName=e Pin=R13-1
Added Pin To Net: NetName=Net2_4 Pin=R13-2
Added Pin To Net: NetName=d Pin=R14-1
Added Pin To Net: NetName=Net1_5 Pin=R14-2
Added Pin To Net: NetName=d Pin=R15-1
Added Pin To Net: NetName=Net2_5 Pin=R15-2
Added Pin To Net: NetName=Net3_10 Pin=R16-1
Added Pin To Net: NetName=a Pin=R16-2
Added Pin To Net: NetName=Net4_10 Pin=R18-1
Added Pin To Net: NetName=a Pin=R18-2
Added Pin To Net: NetName=f Pin=R19-1
Added Pin To Net: NetName=Net3_2 Pin=R19-2
Added Pin To Net: NetName=Net3_9 Pin=R20-1
Added Pin To Net: NetName=b Pin=R20-2
Added Pin To Net: NetName=f Pin=R21-1
Added Pin To Net: NetName=Net4_2 Pin=R21-2
Added Pin To Net: NetName=Net4_9 Pin=R22-1
Added Pin To Net: NetName=b Pin=R22-2
Added Pin To Net: NetName=g Pin=R23-1
Added Pin To Net: NetName=Net3_3 Pin=R23-2
Added Pin To Net: NetName=Net3_8 Pin=R24-1
Added Pin To Net: NetName=c Pin=R24-2
Added Pin To Net: NetName=g Pin=R25-1
Added Pin To Net: NetName=Net4_3 Pin=R25-2
Added Pin To Net: NetName=Net4_8 Pin=R26-1
Added Pin To Net: NetName=c Pin=R26-2
Added Pin To Net: NetName=e Pin=R27-1
Added Pin To Net: NetName=Net3_4 Pin=R27-2
Added Pin To Net: NetName=e Pin=R28-1
Added Pin To Net: NetName=Net4_4 Pin=R28-2
Added Pin To Net: NetName=d Pin=R29-1
Added Pin To Net: NetName=Net3_5 Pin=R29-2
Added Pin To Net: NetName=d Pin=R30-1
Added Pin To Net: NetName=Net4_5 Pin=R30-2
Added Room: Name=8051_at89s52
