Removed Pin From Net: NetName=LED2 Pin=1-1
Removed Pin From Net: NetName=LED2 Pin=1-6
Removed Pin From Net: NetName=LED1 Pin=2-1
Removed Pin From Net: NetName=LED1 Pin=2-6
Removed Pin From Net: NetName=LED4 Pin=3-1
Removed Pin From Net: NetName=LED4 Pin=3-6
Removed Pin From Net: NetName=LED3 Pin=4-1
Removed Pin From Net: NetName=LED3 Pin=4-6
Removed Pin From Net: NetName=f Pin=IC1-34
Removed Pin From Net: NetName=e Pin=IC1-35
Removed Pin From Net: NetName=d Pin=IC1-36
Removed Pin From Net: NetName=c Pin=IC1-37
Removed Pin From Net: NetName=b Pin=IC1-38
Removed Pin From Net: NetName=a Pin=IC1-39
Removed Pin From Net: NetName=a Pin=R1-2
Removed Pin From Net: NetName=a Pin=R2-2
Removed Pin From Net: NetName=f Pin=R3-1
Removed Pin From Net: NetName=f Pin=R5-1
Removed Pin From Net: NetName=b Pin=R6-2
Removed Pin From Net: NetName=g Pin=R7-1
Removed Pin From Net: NetName=c Pin=R8-2
Removed Pin From Net: NetName=c Pin=R10-2
Removed Pin From Net: NetName=e Pin=R12-1
Removed Pin From Net: NetName=e Pin=R13-1
Removed Pin From Net: NetName=d Pin=R14-1
Removed Pin From Net: NetName=d Pin=R15-1
Removed Pin From Net: NetName=a Pin=R16-2
Removed Pin From Net: NetName=a Pin=R18-2
Removed Pin From Net: NetName=f Pin=R19-1
Removed Pin From Net: NetName=b Pin=R20-2
Removed Pin From Net: NetName=f Pin=R21-1
Removed Pin From Net: NetName=b Pin=R22-2
Removed Pin From Net: NetName=g Pin=R23-1
Removed Pin From Net: NetName=c Pin=R24-2
Removed Pin From Net: NetName=g Pin=R25-1
Removed Pin From Net: NetName=c Pin=R26-2
Removed Pin From Net: NetName=e Pin=R27-1
Removed Pin From Net: NetName=e Pin=R28-1
Removed Pin From Net: NetName=d Pin=R29-1
Removed Pin From Net: NetName=d Pin=R30-1
Removed Pin From Net: NetName=a Pin=RN1-2
Removed Pin From Net: NetName=b Pin=RN1-3
Removed Pin From Net: NetName=c Pin=RN1-4
Removed Pin From Net: NetName=d Pin=RN1-5
Removed Pin From Net: NetName=e Pin=RN1-6
Removed Pin From Net: NetName=f Pin=RN1-7
Removed Member From Class: ClassName=8051_at89s52 Member=R18
Removed Member From Class: ClassName=8051_at89s52 Member=R19
Removed Member From Class: ClassName=8051_at89s52 Member=R20
Removed Member From Class: ClassName=8051_at89s52 Member=R21
Removed Member From Class: ClassName=8051_at89s52 Member=R22
Removed Member From Class: ClassName=8051_at89s52 Member=R23
Removed Member From Class: ClassName=8051_at89s52 Member=R24
Removed Member From Class: ClassName=8051_at89s52 Member=R25
Removed Member From Class: ClassName=8051_at89s52 Member=R26
Removed Member From Class: ClassName=8051_at89s52 Member=R27
Removed Member From Class: ClassName=8051_at89s52 Member=R28
Removed Member From Class: ClassName=8051_at89s52 Member=R29
Removed Member From Class: ClassName=8051_at89s52 Member=R30
Removed Member From Class: ClassName=8051_at89s52 Member=R31
Removed Member From Class: ClassName=8051_at89s52 Member=R32
Removed Member From Class: ClassName=8051_at89s52 Member=R33
Removed Member From Class: ClassName=8051_at89s52 Member=R34
Removed Member From Class: ClassName=8051_at89s52 Member=R35
Removed Member From Class: ClassName=8051_at89s52 Member=R36
Removed Member From Class: ClassName=8051_at89s52 Member=R37
Removed Member From Class: ClassName=8051_at89s52 Member=R38
Change Component Designator: OldDesignator=R11 NewDesignator=R1
Change Component Designator: OldDesignator=R17 NewDesignator=R2
Change Component Designator: OldDesignator=R31 NewDesignator=R10
Change Component Designator: OldDesignator=R32 NewDesignator=R11
Change Component Designator: OldDesignator=R33 NewDesignator=R12
Change Component Designator: OldDesignator=R34 NewDesignator=R13
Change Component Designator: OldDesignator=R35 NewDesignator=R14
Change Component Designator: OldDesignator=R36 NewDesignator=R15
Change Component Designator: OldDesignator=R37 NewDesignator=R16
Change Component Designator: OldDesignator=R38 NewDesignator=R17
Change component parameters: Designator = "C1"; Footprint = "CAP_0805"; UniqueID = "\NHYRGDJC"
Change component parameters. Clean all parameters for all variants
Change component parameters (AddParameter): Name = "LatestRevisionDate"; Value = "17-Jul-2002"; VariantName = "[No Variations]"
Change component parameters (AddParameter): Name = "LatestRevisionNote"; Value = "Re-released for DXP Platform."; VariantName = "[No Variations]"
Change component parameters (AddParameter): Name = "PackageReference"; Value = "C1206"; VariantName = "[No Variations]"
Change component parameters (AddParameter): Name = "Publisher"; Value = "Altium Limited"; VariantName = "[No Variations]"
Change component parameters (AddParameter): Name = "Value"; Value = "104"; VariantName = "[No Variations]"
Change component parameters (AddParameter ignored because duplicated): Name = "VALUE"; Value = "CN?"; VariantName = "[No Variations]"
Added Pin To Net: NetName=LED1 Pin=1-1
Added Pin To Net: NetName=f Pin=1-2
Added Pin To Net: NetName=e Pin=1-4
Added Pin To Net: NetName=d Pin=1-5
Added Pin To Net: NetName=LED1 Pin=1-6
Added Pin To Net: NetName=c Pin=1-8
Added Pin To Net: NetName=b Pin=1-9
Added Pin To Net: NetName=a Pin=1-10
Added Pin To Net: NetName=LED2 Pin=2-1
Added Pin To Net: NetName=f Pin=2-2
Added Pin To Net: NetName=e Pin=2-4
Added Pin To Net: NetName=d Pin=2-5
Added Pin To Net: NetName=LED2 Pin=2-6
Added Pin To Net: NetName=c Pin=2-8
Added Pin To Net: NetName=b Pin=2-9
Added Pin To Net: NetName=a Pin=2-10
Added Pin To Net: NetName=LED3 Pin=3-1
Added Pin To Net: NetName=f Pin=3-2
Added Pin To Net: NetName=e Pin=3-4
Added Pin To Net: NetName=d Pin=3-5
Added Pin To Net: NetName=LED3 Pin=3-6
Added Pin To Net: NetName=c Pin=3-8
Added Pin To Net: NetName=b Pin=3-9
Added Pin To Net: NetName=a Pin=3-10
Added Pin To Net: NetName=LED4 Pin=4-1
Added Pin To Net: NetName=f Pin=4-2
Added Pin To Net: NetName=e Pin=4-4
Added Pin To Net: NetName=d Pin=4-5
Added Pin To Net: NetName=LED4 Pin=4-6
Added Pin To Net: NetName=c Pin=4-8
Added Pin To Net: NetName=b Pin=4-9
Added Pin To Net: NetName=a Pin=4-10
Added Pin To Net: NetName=a Pin=R3-2
Added Pin To Net: NetName=c Pin=R5-2
Added Pin To Net: NetName=d Pin=R6-2
Added Pin To Net: NetName=e Pin=R7-2
Added Pin To Net: NetName=f Pin=R8-2
Change Net Name : Old Net Name=g New Net Name=NetIC1_33
Added Pin To Net: NetName=g Pin=1-3
Added Pin To Net: NetName=g Pin=2-3
Added Pin To Net: NetName=g Pin=3-3
Added Pin To Net: NetName=g Pin=4-3
Added Pin To Net: NetName=g Pin=R9-2
Added Net: Name=g
Added Pin To Net: NetName=NetIC1_34 Pin=IC1-34
Added Pin To Net: NetName=NetIC1_34 Pin=R8-1
Added Pin To Net: NetName=NetIC1_34 Pin=RN1-7
Added Net: Name=NetIC1_34
Added Pin To Net: NetName=NetIC1_35 Pin=IC1-35
Added Pin To Net: NetName=NetIC1_35 Pin=R7-1
Added Pin To Net: NetName=NetIC1_35 Pin=RN1-6
Added Net: Name=NetIC1_35
Added Pin To Net: NetName=NetIC1_36 Pin=IC1-36
Added Pin To Net: NetName=NetIC1_36 Pin=R6-1
Added Pin To Net: NetName=NetIC1_36 Pin=RN1-5
Added Net: Name=NetIC1_36
Added Pin To Net: NetName=NetIC1_37 Pin=IC1-37
Added Pin To Net: NetName=NetIC1_37 Pin=R5-1
Added Pin To Net: NetName=NetIC1_37 Pin=RN1-4
Added Net: Name=NetIC1_37
Added Pin To Net: NetName=NetIC1_38 Pin=IC1-38
Added Pin To Net: NetName=NetIC1_38 Pin=R4-1
Added Pin To Net: NetName=NetIC1_38 Pin=RN1-3
Added Net: Name=NetIC1_38
Added Pin To Net: NetName=NetIC1_39 Pin=IC1-39
Added Pin To Net: NetName=NetIC1_39 Pin=R3-1
Added Pin To Net: NetName=NetIC1_39 Pin=RN1-2
Added Net: Name=NetIC1_39
Added Room: Name=8051_at89s52
