Change Component Footprint: Designator=SW1 Old Footprint=SW1-SMD New Footprint=BUTTON 4 PIN
Change component parameters: Designator = "C1"; Footprint = "CAP_0805"; UniqueID = "\NHYRGDJC"
Change component parameters. Clean all parameters for all variants
Change component parameters (AddParameter): Name = "LatestRevisionDate"; Value = "17-Jul-2002"; VariantName = "[No Variations]"
Change component parameters (AddParameter): Name = "LatestRevisionNote"; Value = "Re-released for DXP Platform."; VariantName = "[No Variations]"
Change component parameters (AddParameter): Name = "PackageReference"; Value = "C1206"; VariantName = "[No Variations]"
Change component parameters (AddParameter): Name = "Publisher"; Value = "Altium Limited"; VariantName = "[No Variations]"
Change component parameters (AddParameter): Name = "Value"; Value = "104"; VariantName = "[No Variations]"
Change component parameters (AddParameter ignored because duplicated): Name = "VALUE"; Value = "CN?"; VariantName = "[No Variations]"
Added Member To Class: ClassName=8051_at89s52 Member=Component R1 1k
Added Member To Class: ClassName=8051_at89s52 Member=Component R2 1k
Added Member To Class: ClassName=8051_at89s52 Member=Component R3 1k
Added Member To Class: ClassName=8051_at89s52 Member=Component R4 1k
Added Member To Class: ClassName=8051_at89s52 Member=Component R5 1k
Added Member To Class: ClassName=8051_at89s52 Member=Component R6 1k
Added Member To Class: ClassName=8051_at89s52 Member=Component R7 1k
Added Member To Class: ClassName=8051_at89s52 Member=Component R8 1k
Added Member To Class: ClassName=8051_at89s52 Member=Component R9 1k
Added Member To Class: ClassName=8051_at89s52 Member=Component R10 1k
Added Member To Class: ClassName=8051_at89s52 Member=Component R12 1k
Added Member To Class: ClassName=8051_at89s52 Member=Component R13 1k
Added Member To Class: ClassName=8051_at89s52 Member=Component R14 1k
Added Member To Class: ClassName=8051_at89s52 Member=Component R15 1k
Added Member To Class: ClassName=8051_at89s52 Member=Component R16 1k
Added Member To Class: ClassName=8051_at89s52 Member=Component R18 1k
Added Member To Class: ClassName=8051_at89s52 Member=Component R19 1k
Added Member To Class: ClassName=8051_at89s52 Member=Component R20 1k
Added Member To Class: ClassName=8051_at89s52 Member=Component R21 1k
Added Member To Class: ClassName=8051_at89s52 Member=Component R22 1k
Added Member To Class: ClassName=8051_at89s52 Member=Component R23 1k
Added Member To Class: ClassName=8051_at89s52 Member=Component R24 1k
Added Member To Class: ClassName=8051_at89s52 Member=Component R25 1k
Added Member To Class: ClassName=8051_at89s52 Member=Component R26 1k
Added Member To Class: ClassName=8051_at89s52 Member=Component R27 1k
Added Member To Class: ClassName=8051_at89s52 Member=Component R28 1k
Added Member To Class: ClassName=8051_at89s52 Member=Component R29 1k
Added Member To Class: ClassName=8051_at89s52 Member=Component R30 1k
